<?xml version="1.0" encoding="UTF-8"?>
<!-- Generated by org.testng.reporters.JUnitReportReporter -->
<testsuite hostname="CFLNAVALUR4813" failures="0" tests="1" name="Sausedemo.CapstoneSause.TC_Login" time="16.607" errors="0" timestamp="2024-04-08T12:15:25 IST" skipped="0">
  <testcase classname="Sausedemo.CapstoneSause.TC_Login" name="Tesst1" time="16.607"/>
</testsuite> <!-- Sausedemo.CapstoneSause.TC_Login -->
