<?xml version="1.0" encoding="UTF-8"?>
<!-- Generated by org.testng.reporters.JUnitReportReporter -->
<testsuite hostname="CFLNAVALUR4813" failures="0" tests="1" name="Sausedemo.CapstoneSause.Tc_Negitive_Login" time="0.714" errors="0" timestamp="2024-04-08T12:18:20 IST" skipped="0">
  <testcase classname="Sausedemo.CapstoneSause.Tc_Negitive_Login" name="Negitive_Test" time="0.714"/>
</testsuite> <!-- Sausedemo.CapstoneSause.Tc_Negitive_Login -->
