<?xml version="1.0" encoding="UTF-8"?>
<!-- Generated by org.testng.reporters.JUnitReportReporter -->
<testsuite hostname="CFLNAVALUR4813" failures="0" tests="1" name="MobileAutomation_Capstone.Sdet_mobileautomationcapstone.TC_Wifi_Checking_001" time="19.336" errors="0" timestamp="2024-04-09T16:00:18 IST" skipped="0">
  <testcase classname="MobileAutomation_Capstone.Sdet_mobileautomationcapstone.TC_Wifi_Checking_001" name="WifiCheck" time="19.336"/>
  <system-out/>
</testsuite> <!-- MobileAutomation_Capstone.Sdet_mobileautomationcapstone.TC_Wifi_Checking_001 -->
