<?xml version="1.0" encoding="UTF-8"?>
<!-- Generated by org.testng.reporters.JUnitReportReporter -->
<testsuite hostname="CFLNAVALUR4813" failures="0" tests="1" name="MobileAutomation_Capstone.Sdet_mobileautomationcapstone.BaseClass" time="44.740" errors="0" timestamp="2024-04-09T15:17:31 IST" skipped="0">
  <testcase classname="MobileAutomation_Capstone.Sdet_mobileautomationcapstone.BaseClass" name="setup" time="44.740"/>
  <system-out/>
</testsuite> <!-- MobileAutomation_Capstone.Sdet_mobileautomationcapstone.BaseClass -->
